[UTC: 2026-02-23 11:38:12]
hwmon6:amdgpu in0_input = 1.21 V
hwmon6:amdgpu in1_input = 0.67 V
hwmon6:amdgpu freq1_input = 400.00 MHz
hwmon6:amdgpu temp1_input = 37.00 °C
hwmon4:k10temp temp1_input = 45.12 °C
hwmon2:BAT0 in0_input = 11.88 V
hwmon5:asus fan1_input = 3200.00 RPM
hwmon3:nvme temp1_crit = 79.85 °C
hwmon3:nvme temp1_alarm = 0.00 °C
hwmon3:nvme temp1_input = 25.85 °C
hwmon3:nvme temp1_min = -0.15 °C
hwmon3:nvme temp1_max = 76.85 °C
hwmon1:acpitz temp1_crit = 95.00 °C
hwmon1:acpitz temp1_input = 46.00 °C
[UTC: 2026-02-23 11:38:13]
hwmon6:amdgpu in0_input = 0.60 V
hwmon6:amdgpu in1_input = 0.67 V
hwmon6:amdgpu freq1_input = 400.00 MHz
hwmon6:amdgpu temp1_input = 36.00 °C
hwmon4:k10temp temp1_input = 43.75 °C
hwmon2:BAT0 in0_input = 11.88 V
hwmon5:asus fan1_input = 3200.00 RPM
hwmon3:nvme temp1_crit = 79.85 °C
hwmon3:nvme temp1_alarm = 0.00 °C
hwmon3:nvme temp1_input = 25.85 °C
hwmon3:nvme temp1_min = -0.15 °C
hwmon3:nvme temp1_max = 76.85 °C
hwmon1:acpitz temp1_crit = 95.00 °C
hwmon1:acpitz temp1_input = 44.00 °C
[UTC: 2026-02-23 11:38:14]
hwmon6:amdgpu in0_input = 0.71 V
hwmon6:amdgpu in1_input = 0.66 V
hwmon6:amdgpu freq1_input = 400.00 MHz
hwmon6:amdgpu temp1_input = 37.00 °C
hwmon4:k10temp temp1_input = 42.12 °C
hwmon2:BAT0 in0_input = 11.88 V
hwmon5:asus fan1_input = 3200.00 RPM
hwmon3:nvme temp1_crit = 79.85 °C
hwmon3:nvme temp1_alarm = 0.00 °C
hwmon3:nvme temp1_input = 25.85 °C
hwmon3:nvme temp1_min = -0.15 °C
hwmon3:nvme temp1_max = 76.85 °C
hwmon1:acpitz temp1_crit = 95.00 °C
hwmon1:acpitz temp1_input = 43.00 °C
[UTC: 2026-02-23 11:38:15]
hwmon6:amdgpu in0_input = 0.71 V
hwmon6:amdgpu in1_input = 0.67 V
hwmon6:amdgpu freq1_input = 400.00 MHz
hwmon6:amdgpu temp1_input = 37.00 °C
hwmon4:k10temp temp1_input = 40.62 °C
hwmon2:BAT0 in0_input = 11.88 V
hwmon5:asus fan1_input = 3100.00 RPM
hwmon3:nvme temp1_crit = 79.85 °C
hwmon3:nvme temp1_alarm = 0.00 °C
hwmon3:nvme temp1_input = 26.85 °C
hwmon3:nvme temp1_min = -0.15 °C
hwmon3:nvme temp1_max = 76.85 °C
hwmon1:acpitz temp1_crit = 95.00 °C
hwmon1:acpitz temp1_input = 41.00 °C
[UTC: 2026-02-23 11:38:16]
hwmon6:amdgpu in0_input = 0.71 V
hwmon6:amdgpu in1_input = 0.67 V
hwmon6:amdgpu freq1_input = 400.00 MHz
hwmon6:amdgpu temp1_input = 37.00 °C
hwmon4:k10temp temp1_input = 39.00 °C
hwmon2:BAT0 in0_input = 11.88 V
hwmon5:asus fan1_input = 3100.00 RPM
hwmon3:nvme temp1_crit = 79.85 °C
hwmon3:nvme temp1_alarm = 0.00 °C
hwmon3:nvme temp1_input = 25.85 °C
hwmon3:nvme temp1_min = -0.15 °C
hwmon3:nvme temp1_max = 76.85 °C
hwmon1:acpitz temp1_crit = 95.00 °C
hwmon1:acpitz temp1_input = 40.00 °C
[UTC: 2026-02-23 11:38:17]
hwmon6:amdgpu in0_input = 0.71 V
hwmon6:amdgpu in1_input = 0.67 V
hwmon6:amdgpu freq1_input = 400.00 MHz
hwmon6:amdgpu temp1_input = 37.00 °C
hwmon4:k10temp temp1_input = 38.25 °C
hwmon2:BAT0 in0_input = 11.88 V
hwmon5:asus fan1_input = 3100.00 RPM
hwmon3:nvme temp1_crit = 79.85 °C
hwmon3:nvme temp1_alarm = 0.00 °C
hwmon3:nvme temp1_input = 25.85 °C
hwmon3:nvme temp1_min = -0.15 °C
hwmon3:nvme temp1_max = 76.85 °C
hwmon1:acpitz temp1_crit = 95.00 °C
hwmon1:acpitz temp1_input = 38.00 °C
[UTC: 2026-02-23 11:38:18]
hwmon6:amdgpu in0_input = 0.55 V
hwmon6:amdgpu in1_input = 0.67 V
hwmon6:amdgpu freq1_input = 400.00 MHz
hwmon6:amdgpu temp1_input = 37.00 °C
hwmon4:k10temp temp1_input = 38.25 °C
hwmon2:BAT0 in0_input = 11.88 V
hwmon5:asus fan1_input = 3200.00 RPM
hwmon3:nvme temp1_crit = 79.85 °C
hwmon3:nvme temp1_alarm = 0.00 °C
hwmon3:nvme temp1_input = 25.85 °C
hwmon3:nvme temp1_min = -0.15 °C
hwmon3:nvme temp1_max = 76.85 °C
hwmon1:acpitz temp1_crit = 95.00 °C
hwmon1:acpitz temp1_input = 38.00 °C